#
# There is insufficient memory for the Java Runtime Environment to continue.
# Native memory allocation (malloc) failed to allocate 32744 bytes for ChunkPool::allocate
# Possible reasons:
#   The system is out of physical RAM or swap space
#   The process is running with CompressedOops enabled, and the Java Heap may be blocking the growth of the native heap
# Possible solutions:
#   Reduce memory load on the system
#   Increase physical memory or swap space
#   Check if swap backing store is full
#   Decrease Java heap size (-Xmx/-Xms)
#   Decrease number of Java threads
#   Decrease Java thread stack sizes (-Xss)
#   Set larger code cache with -XX:ReservedCodeCacheSize=
#   JVM is running with Unscaled Compressed Oops mode in which the Java heap is
#     placed in the first 4GB address space. The Java Heap base address is the
#     maximum limit for the native heap growth. Please use -XX:HeapBaseMinAddress
#     to set the Java Heap base and to place the Java Heap above 4GB virtual address.
# This output file may be truncated or incomplete.
#
#  Out of Memory Error (arena.cpp:79), pid=8204, tid=4216
#
# JRE version: OpenJDK Runtime Environment Temurin-17.0.10+7 (17.0.10+7) (build 17.0.10+7)
# Java VM: OpenJDK 64-Bit Server VM Temurin-17.0.10+7 (17.0.10+7, mixed mode, tiered, compressed oops, compressed class ptrs, parallel gc, windows-amd64)
# No core dump will be written. Minidumps are not enabled by default on client versions of Windows
#

---------------  S U M M A R Y ------------

Command Line: --add-modules=ALL-SYSTEM --add-opens=java.base/java.util=ALL-UNNAMED --add-opens=java.base/java.lang=ALL-UNNAMED --add-opens=java.base/sun.nio.fs=ALL-UNNAMED -Declipse.application=org.eclipse.jdt.ls.core.id1 -Dosgi.bundles.defaultStartLevel=4 -Declipse.product=org.eclipse.jdt.ls.core.product -Djava.import.generatesMetadataFilesAtProjectRoot=false -DDetectVMInstallationsJob.disabled=true -Dfile.encoding=utf8 -XX:+UseParallelGC -XX:GCTimeRatio=4 -XX:AdaptiveSizePolicyWeight=90 -Dsun.zip.disableMemoryMapping=true -Xmx1G -Xms100m -Xlog:disable -javaagent:c:\Users\My PC\.vscode\extensions\redhat.java-1.29.0-win32-x64\lombok\lombok-1.18.32.jar c:\Users\My PC\.vscode\extensions\redhat.java-1.29.0-win32-x64\server\plugins\org.eclipse.equinox.launcher_1.6.800.v20240304-1850.jar -configuration c:\Users\My PC\AppData\Roaming\Code\User\globalStorage\redhat.java\1.29.0\config_ss_win -data c:\Users\My PC\AppData\Roaming\Code\User\workspaceStorage\824fff93bbf201e7a37210f92995be75\redhat.java\ss_ws --stdio

Host: 12th Gen Intel(R) Core(TM) i5-1240P, 16 cores, 7G,  Windows 11 , 64 bit Build 22621 (10.0.22621.3374)
Time: Tue Apr 23 16:25:04 2024 Altai Standard Time elapsed time: 0.743633 seconds (0d 0h 0m 0s)

---------------  T H R E A D  ---------------

Current thread (0x00000224484b14c0):  JavaThread "main" [_thread_in_vm, id=4216, stack(0x000000289c100000,0x000000289c200000)]

Stack: [0x000000289c100000,0x000000289c200000]
Native frames: (J=compiled Java code, j=interpreted, Vv=VM code, C=native code)
V  [jvm.dll+0x67d2c9]
V  [jvm.dll+0x834afa]
V  [jvm.dll+0x8365be]
V  [jvm.dll+0x836c23]
V  [jvm.dll+0x2477ff]
V  [jvm.dll+0xac711]
V  [jvm.dll+0xacb5c]
V  [jvm.dll+0x825374]
V  [jvm.dll+0x828c33]
V  [jvm.dll+0x82213c]
V  [jvm.dll+0x37361d]
V  [jvm.dll+0x3726c4]
V  [jvm.dll+0x372668]
V  [jvm.dll+0x38264a]
C  0x00000224525aae1b

The last pc belongs to new (printed below).
Java frames: (J=compiled Java code, j=interpreted, Vv=VM code)
j  org.eclipse.osgi.internal.log.ExtendedLogServiceFactory.<init>(Lorg/eclipse/osgi/internal/log/ExtendedLogReaderServiceFactory;Z)V+42
j  org.eclipse.osgi.internal.log.LogServiceManager.<init>(ILorg/osgi/service/log/LogLevel;Z[Lorg/osgi/service/log/LogListener;)V+27
j  org.eclipse.osgi.internal.log.EquinoxLogServices.<init>(Lorg/eclipse/osgi/internal/framework/EquinoxConfiguration;)V+357
j  org.eclipse.osgi.internal.framework.EquinoxContainer.<init>(Ljava/util/Map;Lorg/osgi/framework/connect/ModuleConnector;)V+97
j  org.eclipse.osgi.launch.Equinox.<init>(Ljava/util/Map;Lorg/osgi/framework/connect/ModuleConnector;)V+10
j  org.eclipse.osgi.launch.Equinox.<init>(Ljava/util/Map;)V+3
j  org.eclipse.core.runtime.adaptor.EclipseStarter.startup([Ljava/lang/String;Ljava/lang/Runnable;)Lorg/osgi/framework/BundleContext;+28
j  org.eclipse.core.runtime.adaptor.EclipseStarter.run([Ljava/lang/String;Ljava/lang/Runnable;)Ljava/lang/Object;+21
v  ~StubRoutines::call_stub
j  jdk.internal.reflect.NativeMethodAccessorImpl.invoke0(Ljava/lang/reflect/Method;Ljava/lang/Object;[Ljava/lang/Object;)Ljava/lang/Object;+0 java.base@17.0.10
j  jdk.internal.reflect.NativeMethodAccessorImpl.invoke(Ljava/lang/Object;[Ljava/lang/Object;)Ljava/lang/Object;+133 java.base@17.0.10
j  jdk.internal.reflect.DelegatingMethodAccessorImpl.invoke(Ljava/lang/Object;[Ljava/lang/Object;)Ljava/lang/Object;+6 java.base@17.0.10
j  java.lang.reflect.Method.invoke(Ljava/lang/Object;[Ljava/lang/Object;)Ljava/lang/Object;+59 java.base@17.0.10
j  org.eclipse.equinox.launcher.Main.invokeFramework([Ljava/lang/String;[Ljava/net/URL;)V+202
j  org.eclipse.equinox.launcher.Main.basicRun([Ljava/lang/String;)V+159
j  org.eclipse.equinox.launcher.Main.run([Ljava/lang/String;)I+4
j  org.eclipse.equinox.launcher.Main.main([Ljava/lang/String;)V+10
v  ~StubRoutines::call_stub
new  187 new  [0x00000224525aac80, 0x00000224525aaea0]  544 bytes
[MachCode]
  0x00000224525aac80: 4883 ec08 | c5fa 1104 | 24eb 1f48 | 83ec 10c5 | fb11 0424 | eb14 4883 | ec10 4889 | 0424 48c7 
  0x00000224525aaca0: 4424 0800 | 0000 00eb | 0150 410f | b755 010f | cac1 ea10 | 488b 4de8 | 488b 4908 | 488b 4908 
  0x00000224525aacc0: 488b 4108 | 807c 1004 | 070f 85d6 | 0000 0066 | 8b54 d148 | 488b 4928 | 488b 4cd1 | 0851 80b9 
  0x00000224525aace0: 3301 0000 | 040f 85b9 | 0000 008b | 5108 f7c2 | 0100 0000 | 0f85 aa00 | 0000 498b | 8708 0100 
  0x00000224525aad00: 0048 8d1c | 1049 3b9f | 1801 0000 | 0f87 9200 | 0000 4989 | 9f08 0100 | 00e9 0000 | 0000 4883 
  0x00000224525aad20: ea10 0f84 | 0f00 0000 | 33c9 c1ea | 0348 894c | d008 48ff | ca75 f648 | c700 0100 | 0000 5933 
  0x00000224525aad40: f689 700c | 48c1 e903 | 8948 0849 | ba7a 3504 | c7fb 7f00 | 0041 803a | 000f 8440 | 0000 0050 
  0x00000224525aad60: 488b c848 | 83ec 20f7 | c40f 0000 | 000f 841a | 0000 0048 | 83ec 0849 | ba20 30ba | c6fb 7f00 
  0x00000224525aad80: 0041 ffd2 | 4883 c408 | e90d 0000 | 0049 ba20 | 30ba c6fb | 7f00 0041 | ffd2 4883 | c420 58e9 
  0x00000224525aada0: cd00 0000 | 5948 8b55 | e848 8b52 | 0848 8b52 | 0845 0fb7 | 4501 410f | c841 c1e8 | 10e8 0500 
  0x00000224525aadc0: 0000 e9aa | 0000 0048 | 8d44 2408 | 4c89 6dc0 | 498b cfc5 | f877 4989 | afa8 0200 | 0049 8987 
  0x00000224525aade0: 9802 0000 | 4883 ec20 | f7c4 0f00 | 0000 0f84 | 1a00 0000 | 4883 ec08 | 49ba c025 | 84c6 fb7f 
  0x00000224525aae00: 0000 41ff | d248 83c4 | 08e9 0d00 | 0000 49ba | c025 84c6 | fb7f 0000 | 41ff d248 | 83c4 2049 
  0x00000224525aae20: c787 9802 | 0000 0000 | 0000 49c7 | 87a8 0200 | 0000 0000 | 0049 c787 | a002 0000 | 0000 0000 
  0x00000224525aae40: c5f8 7749 | 817f 0800 | 0000 000f | 8405 0000 | 00e9 aa60 | feff 498b | 87f0 0200 | 0049 c787 
  0x00000224525aae60: f002 0000 | 0000 0000 | 4c8b 6dc0 | 4c8b 75c8 | c341 0fb6 | 5d03 4983 | c503 49ba | 90a1 06c7 
  0x00000224525aae80: fb7f 0000 | 41ff 24da | 0000 0000 | 0000 0000 | 0000 0000 | 0000 0000 | 0000 0000 | 0000 0000 
[/MachCode]

---------------  P R O C E S S  ---------------

Threads class SMR info:
_java_thread_list=0x000002246358e3e0, length=16, elements={
0x00000224484b14c0, 0x000002245c337380, 0x0000022461524d00, 0x000002245c33c370,
0x000002245c33d100, 0x000002245c33de90, 0x000002245c33eac0, 0x0000022461552da0,
0x0000022461554d90, 0x0000022461558ba0, 0x0000022448516630, 0x00000224616098c0,
0x00000224616fd240, 0x0000022461703730, 0x00000224617471e0, 0x000002246355eec0
}

Java Threads: ( => current thread )
=>0x00000224484b14c0 JavaThread "main" [_thread_in_vm, id=4216, stack(0x000000289c100000,0x000000289c200000)]
  0x000002245c337380 JavaThread "Reference Handler" daemon [_thread_blocked, id=56968, stack(0x000000289c400000,0x000000289c500000)]
  0x0000022461524d00 JavaThread "Finalizer" daemon [_thread_blocked, id=37928, stack(0x000000289c500000,0x000000289c600000)]
  0x000002245c33c370 JavaThread "Signal Dispatcher" daemon [_thread_blocked, id=37944, stack(0x000000289c600000,0x000000289c700000)]
  0x000002245c33d100 JavaThread "Attach Listener" daemon [_thread_blocked, id=39804, stack(0x000000289c700000,0x000000289c800000)]
  0x000002245c33de90 JavaThread "Service Thread" daemon [_thread_blocked, id=56724, stack(0x000000289c800000,0x000000289c900000)]
  0x000002245c33eac0 JavaThread "Monitor Deflation Thread" daemon [_thread_blocked, id=50544, stack(0x000000289c900000,0x000000289ca00000)]
  0x0000022461552da0 JavaThread "C2 CompilerThread0" daemon [_thread_blocked, id=20220, stack(0x000000289ca00000,0x000000289cb00000)]
  0x0000022461554d90 JavaThread "C1 CompilerThread0" daemon [_thread_blocked, id=48220, stack(0x000000289cb00000,0x000000289cc00000)]
  0x0000022461558ba0 JavaThread "Sweeper thread" daemon [_thread_blocked, id=11020, stack(0x000000289cc00000,0x000000289cd00000)]
  0x0000022448516630 JavaThread "Common-Cleaner" daemon [_thread_blocked, id=11940, stack(0x000000289cd00000,0x000000289ce00000)]
  0x00000224616098c0 JavaThread "C1 CompilerThread1" daemon [_thread_blocked, id=17936, stack(0x000000289ce00000,0x000000289cf00000)]
  0x00000224616fd240 JavaThread "C1 CompilerThread2" daemon [_thread_blocked, id=29768, stack(0x000000289cf00000,0x000000289d000000)]
  0x0000022461703730 JavaThread "C1 CompilerThread3" daemon [_thread_blocked, id=41620, stack(0x000000289d000000,0x000000289d100000)]
  0x00000224617471e0 JavaThread "C2 CompilerThread1" daemon [_thread_blocked, id=57092, stack(0x000000289d100000,0x000000289d200000)]
  0x000002246355eec0 JavaThread "Notification Thread" daemon [_thread_blocked, id=19028, stack(0x000000289d200000,0x000000289d300000)]

Other Threads:
  0x000002245c3211f0 VMThread "VM Thread" [stack: 0x000000289c300000,0x000000289c400000] [id=25288]
  0x0000022463582020 WatcherThread [stack: 0x000000289d300000,0x000000289d400000] [id=4784]
  0x00000224484caa80 GCTaskThread "GC Thread#0" [stack: 0x000000289c200000,0x000000289c300000] [id=29592]

Threads with active compile tasks:

VM state: not at safepoint (normal execution)

VM Mutex/Monitor currently owned by a thread: None

Heap address: 0x00000000c0000000, size: 1024 MB, Compressed Oops mode: 32-bit

CDS archive(s) not mapped
Compressed class space mapped at: 0x0000000100000000-0x0000000140000000, reserved size: 1073741824
Narrow klass base: 0x0000000000000000, Narrow klass shift: 3, Narrow klass range: 0x140000000

GC Precious Log:
 CPUs: 16 total, 16 available
 Memory: 7860M
 Large Page Support: Disabled
 NUMA Support: Disabled
 Compressed Oops: Enabled (32-bit)
 Alignments: Space 512K, Generation 512K, Heap 2M
 Heap Min Capacity: 100M
 Heap Initial Capacity: 100M
 Heap Max Capacity: 1G
 Pre-touch: Disabled
 Parallel Workers: 13

Heap:
 PSYoungGen      total 29696K, used 24971K [0x00000000eab00000, 0x00000000ecc00000, 0x0000000100000000)
  eden space 25600K, 97% used [0x00000000eab00000,0x00000000ec362dd0,0x00000000ec400000)
  from space 4096K, 0% used [0x00000000ec800000,0x00000000ec800000,0x00000000ecc00000)
  to   space 4096K, 0% used [0x00000000ec400000,0x00000000ec400000,0x00000000ec800000)
 ParOldGen       total 68608K, used 0K [0x00000000c0000000, 0x00000000c4300000, 0x00000000eab00000)
  object space 68608K, 0% used [0x00000000c0000000,0x00000000c0000000,0x00000000c4300000)
 Metaspace       used 10482K, committed 10624K, reserved 1114112K
  class space    used 1038K, committed 1088K, reserved 1048576K

Card table byte_map: [0x0000022447e70000,0x0000022448080000] _byte_map_base: 0x0000022447870000

Marking Bits: (ParMarkBitMap*) 0x00007ffbc705d7d0
 Begin Bits: [0x000002245a140000, 0x000002245b140000)
 End Bits:   [0x000002245b140000, 0x000002245c140000)

Polling page: 0x0000022447c60000

Metaspace:

Usage:
  Non-class:      9.22 MB used.
      Class:      1.01 MB used.
       Both:     10.24 MB used.

Virtual space:
  Non-class space:       64.00 MB reserved,       9.31 MB ( 15%) committed,  1 nodes.
      Class space:        1.00 GB reserved,       1.06 MB ( <1%) committed,  1 nodes.
             Both:        1.06 GB reserved,      10.38 MB ( <1%) committed. 

Chunk freelists:
   Non-Class:  6.45 MB
       Class:  14.97 MB
        Both:  21.42 MB

MaxMetaspaceSize: unlimited
CompressedClassSpaceSize: 1.00 GB
Initial GC threshold: 21.00 MB
Current GC threshold: 21.00 MB
CDS: off
MetaspaceReclaimPolicy: balanced
 - commit_granule_bytes: 65536.
 - commit_granule_words: 8192.
 - virtual_space_node_default_size: 8388608.
 - enlarge_chunks_in_place: 1.
 - new_chunks_are_fully_committed: 0.
 - uncommit_free_chunks: 1.
 - use_allocation_guard: 0.
 - handle_deallocations: 1.


Internal statistics:

num_allocs_failed_limit: 0.
num_arena_births: 14.
num_arena_deaths: 0.
num_vsnodes_births: 2.
num_vsnodes_deaths: 0.
num_space_committed: 166.
num_space_uncommitted: 0.
num_chunks_returned_to_freelist: 0.
num_chunks_taken_from_freelist: 76.
num_chunk_merges: 0.
num_chunk_splits: 48.
num_chunks_enlarged: 41.
num_inconsistent_stats: 0.

CodeHeap 'non-profiled nmethods': size=119168Kb used=377Kb max_used=377Kb free=118790Kb
 bounds [0x0000022452ce0000, 0x0000022452f50000, 0x000002245a140000]
CodeHeap 'profiled nmethods': size=119104Kb used=1568Kb max_used=1568Kb free=117536Kb
 bounds [0x000002244b140000, 0x000002244b3b0000, 0x0000022452590000]
CodeHeap 'non-nmethods': size=7488Kb used=2829Kb max_used=2855Kb free=4658Kb
 bounds [0x0000022452590000, 0x0000022452860000, 0x0000022452ce0000]
 total_blobs=1340 nmethods=908 adapters=344
 compilation: enabled
              stopped_count=0, restarted_count=0
 full_count=0

Compilation events (20 events):
Event: 0.729 Thread 0x00000224616098c0 nmethod 895 0x000002244b2c0f10 code [0x000002244b2c10a0, 0x000002244b2c1218]
Event: 0.729 Thread 0x0000022461703730 nmethod 894 0x000002244b2c1290 code [0x000002244b2c1480, 0x000002244b2c18f8]
Event: 0.730 Thread 0x00000224616098c0  896       3       java.lang.System$2::findBootstrapClassOrNull (5 bytes)
Event: 0.730 Thread 0x0000022461703730  897       3       java.lang.ClassLoader::findBootstrapClassOrNull (14 bytes)
Event: 0.730 Thread 0x00000224616098c0 nmethod 896 0x000002244b2c1a90 code [0x000002244b2c1c40, 0x000002244b2c1e58]
Event: 0.730 Thread 0x0000022461703730 nmethod 897 0x000002244b2c1f90 code [0x000002244b2c2140, 0x000002244b2c22f8]
Event: 0.730 Thread 0x00000224616098c0  899       3       java.security.Provider::checkInitialized (16 bytes)
Event: 0.731 Thread 0x00000224616098c0 nmethod 899 0x000002244b2c2390 code [0x000002244b2c2540, 0x000002244b2c2768]
Event: 0.731 Thread 0x00000224617471e0  900       4       java.util.concurrent.ConcurrentHashMap::get (162 bytes)
Event: 0.732 Thread 0x0000022461554d90  901       3       jdk.internal.loader.ClassLoaders$BootClassLoader::loadClassOrNull (10 bytes)
Event: 0.732 Thread 0x00000224616fd240  902       1       jdk.internal.event.SecurityProviderServiceEvent::isEnabled (2 bytes)
Event: 0.732 Thread 0x0000022461554d90 nmethod 901 0x000002244b2c2890 code [0x000002244b2c2a60, 0x000002244b2c2cf8]
Event: 0.732 Thread 0x00000224616fd240 nmethod 902 0x0000022452d37d90 code [0x0000022452d37f20, 0x0000022452d37ff8]
Event: 0.734 Thread 0x00000224616fd240  904       3       java.lang.StringConcatHelper::initialCoder (14 bytes)
Event: 0.734 Thread 0x00000224616fd240 nmethod 904 0x000002244b2c2e10 code [0x000002244b2c2fa0, 0x000002244b2c30b8]
Event: 0.734 Thread 0x0000022461554d90  906       3       java.lang.StringConcatHelper::simpleConcat (94 bytes)
Event: 0.734 Thread 0x00000224616fd240  905       3       java.lang.String::concat (15 bytes)
Event: 0.734 Thread 0x00000224616098c0  907       3       java.lang.StringConcatHelper::newString (67 bytes)
Event: 0.734 Thread 0x0000022461703730  908       1       java.lang.NamedPackage::module (5 bytes)
Event: 0.735 Thread 0x0000022461703730 nmethod 908 0x0000022452d38490 code [0x0000022452d38620, 0x0000022452d386f8]

GC Heap History (0 events):
No events

Dll operation events (8 events):
Event: 0.007 Loaded shared library c:\Users\My PC\.vscode\extensions\redhat.java-1.29.0-win32-x64\jre\17.0.10-win32-x86_64\bin\java.dll
Event: 0.114 Loaded shared library c:\Users\My PC\.vscode\extensions\redhat.java-1.29.0-win32-x64\jre\17.0.10-win32-x86_64\bin\zip.dll
Event: 0.116 Loaded shared library C:\Users\My PC\.vscode\extensions\redhat.java-1.29.0-win32-x64\jre\17.0.10-win32-x86_64\bin\instrument.dll
Event: 0.124 Loaded shared library C:\Users\My PC\.vscode\extensions\redhat.java-1.29.0-win32-x64\jre\17.0.10-win32-x86_64\bin\net.dll
Event: 0.125 Loaded shared library C:\Users\My PC\.vscode\extensions\redhat.java-1.29.0-win32-x64\jre\17.0.10-win32-x86_64\bin\nio.dll
Event: 0.130 Loaded shared library C:\Users\My PC\.vscode\extensions\redhat.java-1.29.0-win32-x64\jre\17.0.10-win32-x86_64\bin\zip.dll
Event: 0.139 Loaded shared library C:\Users\My PC\.vscode\extensions\redhat.java-1.29.0-win32-x64\jre\17.0.10-win32-x86_64\bin\jimage.dll
Event: 0.204 Loaded shared library c:\Users\My PC\.vscode\extensions\redhat.java-1.29.0-win32-x64\jre\17.0.10-win32-x86_64\bin\verify.dll

Deoptimization events (20 events):
Event: 0.682 Thread 0x00000224484b14c0 DEOPT PACKING pc=0x000002244b270089 sp=0x000000289c1fd060
Event: 0.682 Thread 0x00000224484b14c0 DEOPT UNPACKING pc=0x00000224525e6e43 sp=0x000000289c1fc4e8 mode 0
Event: 0.682 Thread 0x00000224484b14c0 DEOPT PACKING pc=0x000002244b270089 sp=0x000000289c1fd060
Event: 0.682 Thread 0x00000224484b14c0 DEOPT UNPACKING pc=0x00000224525e6e43 sp=0x000000289c1fc4e8 mode 0
Event: 0.682 Thread 0x00000224484b14c0 DEOPT PACKING pc=0x000002244b270089 sp=0x000000289c1fd060
Event: 0.682 Thread 0x00000224484b14c0 DEOPT UNPACKING pc=0x00000224525e6e43 sp=0x000000289c1fc4e8 mode 0
Event: 0.682 Thread 0x00000224484b14c0 DEOPT PACKING pc=0x000002244b270089 sp=0x000000289c1fd060
Event: 0.682 Thread 0x00000224484b14c0 DEOPT UNPACKING pc=0x00000224525e6e43 sp=0x000000289c1fc4e8 mode 0
Event: 0.715 Thread 0x00000224484b14c0 Uncommon trap: trap_request=0xffffffde fr.pc=0x0000022452d23d10 relative=0x0000000000000530
Event: 0.715 Thread 0x00000224484b14c0 Uncommon trap: reason=class_check action=maybe_recompile pc=0x0000022452d23d10 method=java.util.Collections$UnmodifiableCollection$1.<init>(Ljava/util/Collections$UnmodifiableCollection;)V @ 17 c2
Event: 0.715 Thread 0x00000224484b14c0 DEOPT PACKING pc=0x0000022452d23d10 sp=0x000000289c1fe420
Event: 0.715 Thread 0x00000224484b14c0 DEOPT UNPACKING pc=0x00000224525e66a3 sp=0x000000289c1fe368 mode 2
Event: 0.715 Thread 0x00000224484b14c0 Uncommon trap: trap_request=0xffffffc6 fr.pc=0x0000022452d0a49c relative=0x000000000000027c
Event: 0.715 Thread 0x00000224484b14c0 Uncommon trap: reason=bimorphic_or_optimized_type_check action=maybe_recompile pc=0x0000022452d0a49c method=java.util.Collections$UnmodifiableCollection$1.next()Ljava/lang/Object; @ 4 c2
Event: 0.715 Thread 0x00000224484b14c0 DEOPT PACKING pc=0x0000022452d0a49c sp=0x000000289c1fe430
Event: 0.715 Thread 0x00000224484b14c0 DEOPT UNPACKING pc=0x00000224525e66a3 sp=0x000000289c1fe3e0 mode 2
Event: 0.715 Thread 0x00000224484b14c0 Uncommon trap: trap_request=0xffffffc6 fr.pc=0x0000022452d0a49c relative=0x000000000000027c
Event: 0.715 Thread 0x00000224484b14c0 Uncommon trap: reason=bimorphic_or_optimized_type_check action=maybe_recompile pc=0x0000022452d0a49c method=java.util.Collections$UnmodifiableCollection$1.next()Ljava/lang/Object; @ 4 c2
Event: 0.715 Thread 0x00000224484b14c0 DEOPT PACKING pc=0x0000022452d0a49c sp=0x000000289c1fe430
Event: 0.715 Thread 0x00000224484b14c0 DEOPT UNPACKING pc=0x00000224525e66a3 sp=0x000000289c1fe3e0 mode 2

Classes unloaded (0 events):
No events

Classes redefined (0 events):
No events

Internal exceptions (13 events):
Event: 0.098 Thread 0x00000224484b14c0 Exception <a 'java/lang/NoSuchMethodError'{0x00000000eacb5fb8}: 'void java.lang.invoke.DirectMethodHandle$Holder.invokeStatic(java.lang.Object, java.lang.Object, java.lang.Object)'> (0x00000000eacb5fb8) 
thrown [s\src\hotspot\share\interpreter\linkResolver.cpp, line 759]
Event: 0.249 Thread 0x00000224484b14c0 Exception <a 'java/lang/reflect/InvocationTargetException'{0x00000000eb177238}> (0x00000000eb177238) 
thrown [s\src\hotspot\share\runtime\reflection.cpp, line 1121]
Event: 0.549 Thread 0x00000224484b14c0 Exception <a 'java/lang/ClassNotFoundException'{0x00000000eb9f89f0}: sun/net/www/protocol/c/Handler> (0x00000000eb9f89f0) 
thrown [s\src\hotspot\share\classfile\systemDictionary.cpp, line 256]
Event: 0.553 Thread 0x00000224484b14c0 Exception <a 'java/io/FileNotFoundException'{0x00000000eba10950}> (0x00000000eba10950) 
thrown [s\src\hotspot\share\prims\jni.cpp, line 516]
Event: 0.553 Thread 0x00000224484b14c0 Exception <a 'java/io/FileNotFoundException'{0x00000000eba11660}> (0x00000000eba11660) 
thrown [s\src\hotspot\share\prims\jni.cpp, line 516]
Event: 0.554 Thread 0x00000224484b14c0 Exception <a 'java/io/FileNotFoundException'{0x00000000eba12350}> (0x00000000eba12350) 
thrown [s\src\hotspot\share\prims\jni.cpp, line 516]
Event: 0.554 Thread 0x00000224484b14c0 Exception <a 'java/io/FileNotFoundException'{0x00000000eba13010}> (0x00000000eba13010) 
thrown [s\src\hotspot\share\prims\jni.cpp, line 516]
Event: 0.559 Thread 0x00000224484b14c0 Implicit null exception at 0x0000022452d04af2 to 0x0000022452d05018
Event: 0.562 Thread 0x00000224484b14c0 Exception <a 'java/io/FileNotFoundException'{0x00000000eba4d8f0}> (0x00000000eba4d8f0) 
thrown [s\src\hotspot\share\prims\jni.cpp, line 516]
Event: 0.699 Thread 0x00000224484b14c0 Exception <a 'java/lang/ClassNotFoundException'{0x00000000ec2517d8}: sun/net/www/protocol/c/Handler> (0x00000000ec2517d8) 
thrown [s\src\hotspot\share\classfile\systemDictionary.cpp, line 256]
Event: 0.699 Thread 0x00000224484b14c0 Exception <a 'java/lang/ClassNotFoundException'{0x00000000ec252b38}: sun/net/www/protocol/d/Handler> (0x00000000ec252b38) 
thrown [s\src\hotspot\share\classfile\systemDictionary.cpp, line 256]
Event: 0.699 Thread 0x00000224484b14c0 Exception <a 'java/lang/ClassNotFoundException'{0x00000000ec253cf8}: sun/net/www/protocol/c/Handler> (0x00000000ec253cf8) 
thrown [s\src\hotspot\share\classfile\systemDictionary.cpp, line 256]
Event: 0.715 Thread 0x00000224484b14c0 Exception <a 'java/io/FileNotFoundException'{0x00000000ec277480}> (0x00000000ec277480) 
thrown [s\src\hotspot\share\prims\jni.cpp, line 516]

VM Operations (8 events):
Event: 0.104 Executing VM operation: HandshakeAllThreads
Event: 0.104 Executing VM operation: HandshakeAllThreads done
Event: 0.152 Executing VM operation: HandshakeAllThreads
Event: 0.152 Executing VM operation: HandshakeAllThreads done
Event: 0.526 Executing VM operation: HandshakeAllThreads
Event: 0.526 Executing VM operation: HandshakeAllThreads done
Event: 0.543 Executing VM operation: HandshakeAllThreads
Event: 0.543 Executing VM operation: HandshakeAllThreads done

Events (20 events):
Event: 0.694 loading class java/lang/invoke/VarHandleInts$FieldInstanceReadOnly done
Event: 0.694 loading class java/lang/invoke/VarHandleInts$FieldInstanceReadWrite done
Event: 0.703 loading class java/nio/file/FileVisitor
Event: 0.703 loading class java/nio/file/FileVisitor done
Event: 0.721 loading class java/io/StringWriter
Event: 0.721 loading class java/io/StringWriter done
Event: 0.728 loading class java/util/concurrent/locks/ReentrantReadWriteLock
Event: 0.728 loading class java/util/concurrent/locks/ReadWriteLock
Event: 0.728 loading class java/util/concurrent/locks/ReadWriteLock done
Event: 0.728 loading class java/util/concurrent/locks/ReentrantReadWriteLock done
Event: 0.728 loading class java/util/concurrent/locks/ReentrantReadWriteLock$NonfairSync
Event: 0.728 loading class java/util/concurrent/locks/ReentrantReadWriteLock$Sync
Event: 0.728 loading class java/util/concurrent/locks/ReentrantReadWriteLock$Sync done
Event: 0.728 loading class java/util/concurrent/locks/ReentrantReadWriteLock$NonfairSync done
Event: 0.728 loading class java/util/concurrent/locks/ReentrantReadWriteLock$Sync$ThreadLocalHoldCounter
Event: 0.728 loading class java/util/concurrent/locks/ReentrantReadWriteLock$Sync$ThreadLocalHoldCounter done
Event: 0.728 loading class java/util/concurrent/locks/ReentrantReadWriteLock$ReadLock
Event: 0.728 loading class java/util/concurrent/locks/ReentrantReadWriteLock$ReadLock done
Event: 0.728 loading class java/util/concurrent/locks/ReentrantReadWriteLock$WriteLock
Event: 0.728 loading class java/util/concurrent/locks/ReentrantReadWriteLock$WriteLock done


Dynamic libraries:
0x00007ff77b330000 - 0x00007ff77b33e000 	c:\Users\My PC\.vscode\extensions\redhat.java-1.29.0-win32-x64\jre\17.0.10-win32-x86_64\bin\java.exe
0x00007ffc70170000 - 0x00007ffc70386000 	C:\WINDOWS\SYSTEM32\ntdll.dll
0x00007ffc6f2c0000 - 0x00007ffc6f384000 	C:\WINDOWS\System32\KERNEL32.DLL
0x00007ffc6d690000 - 0x00007ffc6da37000 	C:\WINDOWS\System32\KERNELBASE.dll
0x00007ffc6dc60000 - 0x00007ffc6dd71000 	C:\WINDOWS\System32\ucrtbase.dll
0x00007ffc69af0000 - 0x00007ffc69b07000 	c:\Users\My PC\.vscode\extensions\redhat.java-1.29.0-win32-x64\jre\17.0.10-win32-x86_64\bin\jli.dll
0x00007ffc415a0000 - 0x00007ffc415bb000 	c:\Users\My PC\.vscode\extensions\redhat.java-1.29.0-win32-x64\jre\17.0.10-win32-x86_64\bin\VCRUNTIME140.dll
0x00007ffc6e800000 - 0x00007ffc6e9ae000 	C:\WINDOWS\System32\USER32.dll
0x00007ffc6d5a0000 - 0x00007ffc6d5c6000 	C:\WINDOWS\System32\win32u.dll
0x00007ffc49b90000 - 0x00007ffc49e23000 	C:\WINDOWS\WinSxS\amd64_microsoft.windows.common-controls_6595b64144ccf1df_6.0.22621.3235_none_270f74e173860f98\COMCTL32.dll
0x00007ffc6ebd0000 - 0x00007ffc6ebf9000 	C:\WINDOWS\System32\GDI32.dll
0x00007ffc6e020000 - 0x00007ffc6e0c7000 	C:\WINDOWS\System32\msvcrt.dll
0x00007ffc6dd80000 - 0x00007ffc6de99000 	C:\WINDOWS\System32\gdi32full.dll
0x00007ffc6d500000 - 0x00007ffc6d59a000 	C:\WINDOWS\System32\msvcp_win.dll
0x00007ffc6ec00000 - 0x00007ffc6ec31000 	C:\WINDOWS\System32\IMM32.DLL
0x00007ffc4c160000 - 0x00007ffc4c16c000 	c:\Users\My PC\.vscode\extensions\redhat.java-1.29.0-win32-x64\jre\17.0.10-win32-x86_64\bin\vcruntime140_1.dll
0x00007ffc1a590000 - 0x00007ffc1a61d000 	c:\Users\My PC\.vscode\extensions\redhat.java-1.29.0-win32-x64\jre\17.0.10-win32-x86_64\bin\msvcp140.dll
0x00007ffbc64c0000 - 0x00007ffbc7122000 	c:\Users\My PC\.vscode\extensions\redhat.java-1.29.0-win32-x64\jre\17.0.10-win32-x86_64\bin\server\jvm.dll
0x00007ffc6eb00000 - 0x00007ffc6ebb2000 	C:\WINDOWS\System32\ADVAPI32.dll
0x00007ffc6f550000 - 0x00007ffc6f5f8000 	C:\WINDOWS\System32\sechost.dll
0x00007ffc6da40000 - 0x00007ffc6da68000 	C:\WINDOWS\System32\bcrypt.dll
0x00007ffc6f7b0000 - 0x00007ffc6f8c5000 	C:\WINDOWS\System32\RPCRT4.dll
0x00007ffc629e0000 - 0x00007ffc62a14000 	C:\WINDOWS\SYSTEM32\WINMM.dll
0x00007ffc6d360000 - 0x00007ffc6d3ad000 	C:\WINDOWS\SYSTEM32\POWRPROF.dll
0x00007ffc2d820000 - 0x00007ffc2d829000 	C:\WINDOWS\SYSTEM32\WSOCK32.dll
0x00007ffc5f9d0000 - 0x00007ffc5f9da000 	C:\WINDOWS\SYSTEM32\VERSION.dll
0x00007ffc6e360000 - 0x00007ffc6e3d1000 	C:\WINDOWS\System32\WS2_32.dll
0x00007ffc6d290000 - 0x00007ffc6d2a3000 	C:\WINDOWS\SYSTEM32\UMPDC.dll
0x00007ffc6c4d0000 - 0x00007ffc6c4e8000 	C:\WINDOWS\SYSTEM32\kernel.appcore.dll
0x00007ffc422b0000 - 0x00007ffc422ba000 	c:\Users\My PC\.vscode\extensions\redhat.java-1.29.0-win32-x64\jre\17.0.10-win32-x86_64\bin\jimage.dll
0x00007ffc6ade0000 - 0x00007ffc6b013000 	C:\WINDOWS\SYSTEM32\DBGHELP.DLL
0x00007ffc6e3e0000 - 0x00007ffc6e768000 	C:\WINDOWS\System32\combase.dll
0x00007ffc6ea20000 - 0x00007ffc6eaf7000 	C:\WINDOWS\System32\OLEAUT32.dll
0x00007ffc4eda0000 - 0x00007ffc4edd2000 	C:\WINDOWS\SYSTEM32\dbgcore.DLL
0x00007ffc6da70000 - 0x00007ffc6dae9000 	C:\WINDOWS\System32\bcryptPrimitives.dll
0x00007ffc48300000 - 0x00007ffc4830e000 	c:\Users\My PC\.vscode\extensions\redhat.java-1.29.0-win32-x64\jre\17.0.10-win32-x86_64\bin\instrument.dll
0x00007ffc2e0f0000 - 0x00007ffc2e115000 	c:\Users\My PC\.vscode\extensions\redhat.java-1.29.0-win32-x64\jre\17.0.10-win32-x86_64\bin\java.dll
0x00007ffc35d80000 - 0x00007ffc35d98000 	c:\Users\My PC\.vscode\extensions\redhat.java-1.29.0-win32-x64\jre\17.0.10-win32-x86_64\bin\zip.dll
0x00007ffc6f8d0000 - 0x00007ffc7012c000 	C:\WINDOWS\System32\SHELL32.dll
0x00007ffc6b3f0000 - 0x00007ffc6bce9000 	C:\WINDOWS\SYSTEM32\windows.storage.dll
0x00007ffc6b2b0000 - 0x00007ffc6b3ee000 	C:\WINDOWS\SYSTEM32\wintypes.dll
0x00007ffc6f0d0000 - 0x00007ffc6f1c3000 	C:\WINDOWS\System32\SHCORE.dll
0x00007ffc6e250000 - 0x00007ffc6e2ae000 	C:\WINDOWS\System32\shlwapi.dll
0x00007ffc6d3c0000 - 0x00007ffc6d3e1000 	C:\WINDOWS\SYSTEM32\profapi.dll
0x00007ffc2e060000 - 0x00007ffc2e079000 	C:\Users\My PC\.vscode\extensions\redhat.java-1.29.0-win32-x64\jre\17.0.10-win32-x86_64\bin\net.dll
0x00007ffc64a30000 - 0x00007ffc64b66000 	C:\WINDOWS\SYSTEM32\WINHTTP.dll
0x00007ffc6c940000 - 0x00007ffc6c9a9000 	C:\WINDOWS\system32\mswsock.dll
0x00007ffc2e040000 - 0x00007ffc2e056000 	C:\Users\My PC\.vscode\extensions\redhat.java-1.29.0-win32-x64\jre\17.0.10-win32-x86_64\bin\nio.dll
0x00007ffc41850000 - 0x00007ffc41860000 	c:\Users\My PC\.vscode\extensions\redhat.java-1.29.0-win32-x64\jre\17.0.10-win32-x86_64\bin\verify.dll

dbghelp: loaded successfully - version: 4.0.5 - missing functions: none
symbol engine: initialized successfully - sym options: 0x614 - pdb path: .;c:\Users\My PC\.vscode\extensions\redhat.java-1.29.0-win32-x64\jre\17.0.10-win32-x86_64\bin;C:\WINDOWS\SYSTEM32;C:\WINDOWS\WinSxS\amd64_microsoft.windows.common-controls_6595b64144ccf1df_6.0.22621.3235_none_270f74e173860f98;c:\Users\My PC\.vscode\extensions\redhat.java-1.29.0-win32-x64\jre\17.0.10-win32-x86_64\bin\server

VM Arguments:
jvm_args: --add-modules=ALL-SYSTEM --add-opens=java.base/java.util=ALL-UNNAMED --add-opens=java.base/java.lang=ALL-UNNAMED --add-opens=java.base/sun.nio.fs=ALL-UNNAMED -Declipse.application=org.eclipse.jdt.ls.core.id1 -Dosgi.bundles.defaultStartLevel=4 -Declipse.product=org.eclipse.jdt.ls.core.product -Djava.import.generatesMetadataFilesAtProjectRoot=false -DDetectVMInstallationsJob.disabled=true -Dfile.encoding=utf8 -XX:+UseParallelGC -XX:GCTimeRatio=4 -XX:AdaptiveSizePolicyWeight=90 -Dsun.zip.disableMemoryMapping=true -Xmx1G -Xms100m -Xlog:disable -javaagent:c:\Users\My PC\.vscode\extensions\redhat.java-1.29.0-win32-x64\lombok\lombok-1.18.32.jar 
java_command: c:\Users\My PC\.vscode\extensions\redhat.java-1.29.0-win32-x64\server\plugins\org.eclipse.equinox.launcher_1.6.800.v20240304-1850.jar -configuration c:\Users\My PC\AppData\Roaming\Code\User\globalStorage\redhat.java\1.29.0\config_ss_win -data c:\Users\My PC\AppData\Roaming\Code\User\workspaceStorage\824fff93bbf201e7a37210f92995be75\redhat.java\ss_ws --stdio
java_class_path (initial): c:\Users\My PC\.vscode\extensions\redhat.java-1.29.0-win32-x64\server\plugins\org.eclipse.equinox.launcher_1.6.800.v20240304-1850.jar
Launcher Type: SUN_STANDARD

[Global flags]
    uintx AdaptiveSizePolicyWeight                 = 90                                        {product} {command line}
     intx CICompilerCount                          = 12                                        {product} {ergonomic}
    uintx GCTimeRatio                              = 4                                         {product} {command line}
   size_t InitialHeapSize                          = 104857600                                 {product} {command line}
   size_t MaxHeapSize                              = 1073741824                                {product} {command line}
   size_t MaxNewSize                               = 357564416                                 {product} {ergonomic}
   size_t MinHeapDeltaBytes                        = 524288                                    {product} {ergonomic}
   size_t MinHeapSize                              = 104857600                                 {product} {command line}
   size_t NewSize                                  = 34603008                                  {product} {ergonomic}
    uintx NonNMethodCodeHeapSize                   = 7602480                                {pd product} {ergonomic}
    uintx NonProfiledCodeHeapSize                  = 122027880                              {pd product} {ergonomic}
   size_t OldSize                                  = 70254592                                  {product} {ergonomic}
    uintx ProfiledCodeHeapSize                     = 122027880                              {pd product} {ergonomic}
    uintx ReservedCodeCacheSize                    = 251658240                              {pd product} {ergonomic}
     bool SegmentedCodeCache                       = true                                      {product} {ergonomic}
   size_t SoftMaxHeapSize                          = 1073741824                             {manageable} {ergonomic}
     bool UseCompressedClassPointers               = true                           {product lp64_product} {ergonomic}
     bool UseCompressedOops                        = true                           {product lp64_product} {ergonomic}
     bool UseLargePagesIndividualAllocation        = false                                  {pd product} {ergonomic}
     bool UseParallelGC                            = true                                      {product} {command line}

Logging:
Log output configuration:
 #0: stdout all=off uptime,level,tags
 #1: stderr all=off uptime,level,tags

Environment Variables:
JAVA_HOME=C:\Program Files\Java\jdk-21
PATH=C:\Program Files (x86)\VMware\VMware Workstation\bin\;C:\Program Files\Common Files\Oracle\Java\javapath;C:\Program Files (x86)\Common Files\Oracle\Java\javapath;C:\windows\system32;C:\windows;C:\windows\System32\Wbem;C:\windows\System32\WindowsPowerShell\v1.0\;C:\windows\System32\OpenSSH\;C:\Program Files\Microsoft SQL Server\150\Tools\Binn\;C:\Program Files\Microsoft SQL Server\Client SDK\ODBC\170\Tools\Binn\;C:\Program Files\dotnet\;C:\Program Files\mingw-w64\x86_64-8.1.0-release-posix-seh-rt_v6-rev0\mingw64\bin;C:\WINDOWS\system32;C:\WINDOWS;C:\WINDOWS\System32\Wbem;C:\WINDOWS\System32\WindowsPowerShell\v1.0\;C:\WINDOWS\System32\OpenSSH\;C:\Program Files\Azure Data Studio\bin;C:\Program Files\Git\cmd;C:\Users\My PC\AppData\Local\Android\Sdk\platform-tools;C:\Program Files\nodejs\;C:\Program Files (x86)\Microsoft SQL Server\160\DTS\Binn\;C:\Program Files (x86)\Microsoft SQL Server\160\Tools\Binn\;C:\Program Files\Microsoft SQL Server\160\Tools\Binn\;C:\Program Files\Microsoft SQL Server\160\DTS\Binn\;C:\Users\My PC\AppData\Local\Programs\Python\Python311\Scripts\;C:\Users\My PC\AppData\Local\Programs\Python\Python311\;C:\Users\My PC\AppData\Local\Microsoft\WindowsApps;C:\Users\My PC\.dotnet\tools;C:\Users\My PC\AppData\Local\Programs\Microsoft VS Code\bin;C:\Program Files\Java\jdk-21\bin;;C:\Program Files\Azure Data Studio\bin;C:\Users\My PC\AppData\Roaming\npm
USERNAME=My PC
OS=Windows_NT
PROCESSOR_IDENTIFIER=Intel64 Family 6 Model 154 Stepping 3, GenuineIntel
TMP=C:\Users\MYPC~1\AppData\Local\Temp
TEMP=C:\Users\MYPC~1\AppData\Local\Temp



Periodic native trim disabled


---------------  S Y S T E M  ---------------

OS:
 Windows 11 , 64 bit Build 22621 (10.0.22621.3374)
OS uptime: 0 days 5:16 hours

CPU: total 16 (initial active 16) (8 cores per cpu, 2 threads per core) family 6 model 154 stepping 3 microcode 0x42c, cx8, cmov, fxsr, ht, mmx, 3dnowpref, sse, sse2, sse3, ssse3, sse4.1, sse4.2, popcnt, lzcnt, tsc, tscinvbit, avx, avx2, aes, erms, clmul, bmi1, bmi2, adx, sha, fma, vzeroupper, clflush, clflushopt, clwb
Processor Information for processor 0
  Max Mhz: 1700, Current Mhz: 1700, Mhz Limit: 1700
Processor Information for processor 1
  Max Mhz: 1700, Current Mhz: 1700, Mhz Limit: 1700
Processor Information for processor 2
  Max Mhz: 1700, Current Mhz: 1700, Mhz Limit: 1700
Processor Information for processor 3
  Max Mhz: 1700, Current Mhz: 1700, Mhz Limit: 1700
Processor Information for processor 4
  Max Mhz: 1700, Current Mhz: 1700, Mhz Limit: 1700
Processor Information for processor 5
  Max Mhz: 1700, Current Mhz: 1700, Mhz Limit: 1700
Processor Information for processor 6
  Max Mhz: 1700, Current Mhz: 1700, Mhz Limit: 1700
Processor Information for processor 7
  Max Mhz: 1700, Current Mhz: 1700, Mhz Limit: 1700
Processor Information for processor 8
  Max Mhz: 1700, Current Mhz: 1200, Mhz Limit: 1190
Processor Information for processor 9
  Max Mhz: 1700, Current Mhz: 1200, Mhz Limit: 1190
Processor Information for processor 10
  Max Mhz: 1700, Current Mhz: 1200, Mhz Limit: 1190
Processor Information for processor 11
  Max Mhz: 1700, Current Mhz: 1200, Mhz Limit: 1190
Processor Information for processor 12
  Max Mhz: 1700, Current Mhz: 1200, Mhz Limit: 1190
Processor Information for processor 13
  Max Mhz: 1700, Current Mhz: 1200, Mhz Limit: 1190
Processor Information for processor 14
  Max Mhz: 1700, Current Mhz: 1200, Mhz Limit: 1190
Processor Information for processor 15
  Max Mhz: 1700, Current Mhz: 1200, Mhz Limit: 1190

Memory: 4k page, system-wide physical 7860M (320M free)
TotalPageFile size 32436M (AvailPageFile size 111M)
current process WorkingSet (physical memory assigned to process): 70M, peak: 71M
current process commit charge ("private bytes"): 214M, peak: 216M

vm_info: OpenJDK 64-Bit Server VM (17.0.10+7) for windows-amd64 JRE (17.0.10+7), built on Jan 16 2024 23:25:11 by "admin" with MS VC++ 16.10 / 16.11 (VS2019)

END.
