#
# There is insufficient memory for the Java Runtime Environment to continue.
# Native memory allocation (malloc) failed to allocate 228096 bytes for Chunk::new
# Possible reasons:
#   The system is out of physical RAM or swap space
#   The process is running with CompressedOops enabled, and the Java Heap may be blocking the growth of the native heap
# Possible solutions:
#   Reduce memory load on the system
#   Increase physical memory or swap space
#   Check if swap backing store is full
#   Decrease Java heap size (-Xmx/-Xms)
#   Decrease number of Java threads
#   Decrease Java thread stack sizes (-Xss)
#   Set larger code cache with -XX:ReservedCodeCacheSize=
#   JVM is running with Unscaled Compressed Oops mode in which the Java heap is
#     placed in the first 4GB address space. The Java Heap base address is the
#     maximum limit for the native heap growth. Please use -XX:HeapBaseMinAddress
#     to set the Java Heap base and to place the Java Heap above 4GB virtual address.
# This output file may be truncated or incomplete.
#
#  Out of Memory Error (arena.cpp:191), pid=55700, tid=35216
#
# JRE version: OpenJDK Runtime Environment Temurin-17.0.10+7 (17.0.10+7) (build 17.0.10+7)
# Java VM: OpenJDK 64-Bit Server VM Temurin-17.0.10+7 (17.0.10+7, mixed mode, tiered, compressed oops, compressed class ptrs, parallel gc, windows-amd64)
# No core dump will be written. Minidumps are not enabled by default on client versions of Windows
#

---------------  S U M M A R Y ------------

Command Line: --add-modules=ALL-SYSTEM --add-opens=java.base/java.util=ALL-UNNAMED --add-opens=java.base/java.lang=ALL-UNNAMED --add-opens=java.base/sun.nio.fs=ALL-UNNAMED -Declipse.application=org.eclipse.jdt.ls.core.id1 -Dosgi.bundles.defaultStartLevel=4 -Declipse.product=org.eclipse.jdt.ls.core.product -Djava.import.generatesMetadataFilesAtProjectRoot=false -DDetectVMInstallationsJob.disabled=true -Dfile.encoding=utf8 -XX:+UseParallelGC -XX:GCTimeRatio=4 -XX:AdaptiveSizePolicyWeight=90 -Dsun.zip.disableMemoryMapping=true -Xmx1G -Xms100m -Xlog:disable -javaagent:c:\Users\My PC\.vscode\extensions\redhat.java-1.29.0-win32-x64\lombok\lombok-1.18.32.jar -XX:+HeapDumpOnOutOfMemoryError -XX:HeapDumpPath=c:\Users\My PC\AppData\Roaming\Code\User\workspaceStorage\824fff93bbf201e7a37210f92995be75\redhat.java -Daether.dependencyCollector.impl=bf c:\Users\My PC\.vscode\extensions\redhat.java-1.29.0-win32-x64\server\plugins\org.eclipse.equinox.launcher_1.6.800.v20240304-1850.jar -configuration c:\Users\My PC\AppData\Roaming\Code\User\globalStorage\redhat.java\1.29.0\config_win -data c:\Users\My PC\AppData\Roaming\Code\User\workspaceStorage\824fff93bbf201e7a37210f92995be75\redhat.java\jdt_ws --stdio

Host: 12th Gen Intel(R) Core(TM) i5-1240P, 16 cores, 7G,  Windows 11 , 64 bit Build 22621 (10.0.22621.3374)
Time: Tue Apr 23 16:25:07 2024 Altai Standard Time elapsed time: 0.552554 seconds (0d 0h 0m 0s)

---------------  T H R E A D  ---------------

Current thread (0x0000019de8858880):  JavaThread "C2 CompilerThread1" daemon [_thread_in_native, id=35216, stack(0x0000006b0fa00000,0x0000006b0fb00000)]


Current CompileTask:
C2:    552  689   !   4       java.lang.String::replace (258 bytes)

Stack: [0x0000006b0fa00000,0x0000006b0fb00000]
Native frames: (J=compiled Java code, j=interpreted, Vv=VM code, C=native code)
V  [jvm.dll+0x67d2c9]
V  [jvm.dll+0x834afa]
V  [jvm.dll+0x8365be]
V  [jvm.dll+0x836c23]
V  [jvm.dll+0x2477ff]
V  [jvm.dll+0xac514]
V  [jvm.dll+0xacb5c]
V  [jvm.dll+0x2aed1f]
V  [jvm.dll+0x584b67]
V  [jvm.dll+0x2228a2]
V  [jvm.dll+0x222c8f]
V  [jvm.dll+0x21bdb6]
V  [jvm.dll+0x219201]
V  [jvm.dll+0x1a502d]
V  [jvm.dll+0x2290de]
V  [jvm.dll+0x2272ac]
V  [jvm.dll+0x7e9bb7]
V  [jvm.dll+0x7e3fba]
V  [jvm.dll+0x67c1b5]
C  [ucrtbase.dll+0x29333]
C  [KERNEL32.DLL+0x1257d]
C  [ntdll.dll+0x5aa48]


---------------  P R O C E S S  ---------------

Threads class SMR info:
_java_thread_list=0x0000019de895bbe0, length=15, elements={
0x0000019dcd6b1110, 0x0000019de1532010, 0x0000019de1534640, 0x0000019de153c3c0,
0x0000019de153d1f0, 0x0000019de153e8b0, 0x0000019de6661210, 0x0000019de6669030,
0x0000019de666a210, 0x0000019de667cc00, 0x0000019de671ede0, 0x0000019de67bd400,
0x0000019de68c3b20, 0x0000019de87a4400, 0x0000019de8858880
}

Java Threads: ( => current thread )
  0x0000019dcd6b1110 JavaThread "main" [_thread_in_Java, id=876, stack(0x0000006b0e900000,0x0000006b0ea00000)]
  0x0000019de1532010 JavaThread "Reference Handler" daemon [_thread_blocked, id=41448, stack(0x0000006b0ec00000,0x0000006b0ed00000)]
  0x0000019de1534640 JavaThread "Finalizer" daemon [_thread_blocked, id=51204, stack(0x0000006b0ed00000,0x0000006b0ee00000)]
  0x0000019de153c3c0 JavaThread "Signal Dispatcher" daemon [_thread_blocked, id=53280, stack(0x0000006b0ee00000,0x0000006b0ef00000)]
  0x0000019de153d1f0 JavaThread "Attach Listener" daemon [_thread_blocked, id=57228, stack(0x0000006b0ef00000,0x0000006b0f000000)]
  0x0000019de153e8b0 JavaThread "Service Thread" daemon [_thread_blocked, id=37328, stack(0x0000006b0f000000,0x0000006b0f100000)]
  0x0000019de6661210 JavaThread "Monitor Deflation Thread" daemon [_thread_blocked, id=5072, stack(0x0000006b0f100000,0x0000006b0f200000)]
  0x0000019de6669030 JavaThread "C2 CompilerThread0" daemon [_thread_in_native, id=54884, stack(0x0000006b0f200000,0x0000006b0f300000)]
  0x0000019de666a210 JavaThread "C1 CompilerThread0" daemon [_thread_blocked, id=42080, stack(0x0000006b0f300000,0x0000006b0f400000)]
  0x0000019de667cc00 JavaThread "Sweeper thread" daemon [_thread_blocked, id=23396, stack(0x0000006b0f400000,0x0000006b0f500000)]
  0x0000019de671ede0 JavaThread "Common-Cleaner" daemon [_thread_blocked, id=46768, stack(0x0000006b0f500000,0x0000006b0f600000)]
  0x0000019de67bd400 JavaThread "C1 CompilerThread1" daemon [_thread_blocked, id=53052, stack(0x0000006b0f600000,0x0000006b0f700000)]
  0x0000019de68c3b20 JavaThread "C1 CompilerThread2" daemon [_thread_blocked, id=17052, stack(0x0000006b0f700000,0x0000006b0f800000)]
  0x0000019de87a4400 JavaThread "Notification Thread" daemon [_thread_blocked, id=14488, stack(0x0000006b0f800000,0x0000006b0f900000)]
=>0x0000019de8858880 JavaThread "C2 CompilerThread1" daemon [_thread_in_native, id=35216, stack(0x0000006b0fa00000,0x0000006b0fb00000)]

Other Threads:
  0x0000019dcd75ead0 VMThread "VM Thread" [stack: 0x0000006b0eb00000,0x0000006b0ec00000] [id=45524]
  0x0000019de87a48e0 WatcherThread [stack: 0x0000006b0f900000,0x0000006b0fa00000] [id=18292]
  0x0000019dcd6c6ce0 GCTaskThread "GC Thread#0" [stack: 0x0000006b0ea00000,0x0000006b0eb00000] [id=49024]

Threads with active compile tasks:
C2 CompilerThread0      563  733 %     4       sun.security.util.ManifestDigester::findSection @ 27 (181 bytes)
C2 CompilerThread1      563  689   !   4       java.lang.String::replace (258 bytes)

VM state: not at safepoint (normal execution)

VM Mutex/Monitor currently owned by a thread: None

Heap address: 0x00000000c0000000, size: 1024 MB, Compressed Oops mode: 32-bit

CDS archive(s) not mapped
Compressed class space mapped at: 0x0000000100000000-0x0000000140000000, reserved size: 1073741824
Narrow klass base: 0x0000000000000000, Narrow klass shift: 3, Narrow klass range: 0x140000000

GC Precious Log:
 CPUs: 16 total, 16 available
 Memory: 7860M
 Large Page Support: Disabled
 NUMA Support: Disabled
 Compressed Oops: Enabled (32-bit)
 Alignments: Space 512K, Generation 512K, Heap 2M
 Heap Min Capacity: 100M
 Heap Initial Capacity: 100M
 Heap Max Capacity: 1G
 Pre-touch: Disabled
 Parallel Workers: 13

Heap:
 PSYoungGen      total 29696K, used 18078K [0x00000000eab00000, 0x00000000ecc00000, 0x0000000100000000)
  eden space 25600K, 70% used [0x00000000eab00000,0x00000000ebca7ba8,0x00000000ec400000)
  from space 4096K, 0% used [0x00000000ec800000,0x00000000ec800000,0x00000000ecc00000)
  to   space 4096K, 0% used [0x00000000ec400000,0x00000000ec400000,0x00000000ec800000)
 ParOldGen       total 68608K, used 0K [0x00000000c0000000, 0x00000000c4300000, 0x00000000eab00000)
  object space 68608K, 0% used [0x00000000c0000000,0x00000000c0000000,0x00000000c4300000)
 Metaspace       used 9283K, committed 9408K, reserved 1114112K
  class space    used 912K, committed 960K, reserved 1048576K

Card table byte_map: [0x0000019dcd040000,0x0000019dcd250000] _byte_map_base: 0x0000019dcca40000

Marking Bits: (ParMarkBitMap*) 0x00007ffbc705d7d0
 Begin Bits: [0x0000019ddf340000, 0x0000019de0340000)
 End Bits:   [0x0000019de0340000, 0x0000019de1340000)

Polling page: 0x0000019dcb600000

Metaspace:

Usage:
  Non-class:      8.17 MB used.
      Class:    912.95 KB used.
       Both:      9.07 MB used.

Virtual space:
  Non-class space:       64.00 MB reserved,       8.25 MB ( 13%) committed,  1 nodes.
      Class space:        1.00 GB reserved,     960.00 KB ( <1%) committed,  1 nodes.
             Both:        1.06 GB reserved,       9.19 MB ( <1%) committed. 

Chunk freelists:
   Non-Class:  6.92 MB
       Class:  15.08 MB
        Both:  22.00 MB

MaxMetaspaceSize: unlimited
CompressedClassSpaceSize: 1.00 GB
Initial GC threshold: 21.00 MB
Current GC threshold: 21.00 MB
CDS: off
MetaspaceReclaimPolicy: balanced
 - commit_granule_bytes: 65536.
 - commit_granule_words: 8192.
 - virtual_space_node_default_size: 8388608.
 - enlarge_chunks_in_place: 1.
 - new_chunks_are_fully_committed: 0.
 - uncommit_free_chunks: 1.
 - use_allocation_guard: 0.
 - handle_deallocations: 1.


Internal statistics:

num_allocs_failed_limit: 0.
num_arena_births: 10.
num_arena_deaths: 0.
num_vsnodes_births: 2.
num_vsnodes_deaths: 0.
num_space_committed: 147.
num_space_uncommitted: 0.
num_chunks_returned_to_freelist: 0.
num_chunks_taken_from_freelist: 46.
num_chunk_merges: 0.
num_chunk_splits: 27.
num_chunks_enlarged: 25.
num_inconsistent_stats: 0.

CodeHeap 'non-profiled nmethods': size=119168Kb used=235Kb max_used=235Kb free=118932Kb
 bounds [0x0000019dd7ee0000, 0x0000019dd8150000, 0x0000019ddf340000]
CodeHeap 'profiled nmethods': size=119104Kb used=1214Kb max_used=1214Kb free=117889Kb
 bounds [0x0000019dd0340000, 0x0000019dd05b0000, 0x0000019dd7790000]
CodeHeap 'non-nmethods': size=7488Kb used=2260Kb max_used=2277Kb free=5227Kb
 bounds [0x0000019dd7790000, 0x0000019dd7a00000, 0x0000019dd7ee0000]
 total_blobs=1154 nmethods=729 adapters=338
 compilation: enabled
              stopped_count=0, restarted_count=0
 full_count=0

Compilation events (20 events):
Event: 0.543 Thread 0x0000019de67bd400  686       3       jdk.internal.misc.Unsafe::getIntUnaligned (12 bytes)
Event: 0.543 Thread 0x0000019de67bd400 nmethod 686 0x0000019dd0457690 code [0x0000019dd0457840, 0x0000019dd0457a98]
Event: 0.544 Thread 0x0000019de68c3b20  688       1       jdk.internal.loader.BuiltinClassLoader$LoadedModule::loader (5 bytes)
Event: 0.544 Thread 0x0000019de68c3b20 nmethod 688 0x0000019dd7f17610 code [0x0000019dd7f177a0, 0x0000019dd7f17878]
Event: 0.546 Thread 0x0000019de8858880 nmethod 567 0x0000019dd7f17910 code [0x0000019dd7f17aa0, 0x0000019dd7f17dd8]
Event: 0.546 Thread 0x0000019de8858880  689   !   4       java.lang.String::replace (258 bytes)
Event: 0.546 Thread 0x0000019de67bd400  690       3       java.lang.ref.Reference::refersTo (6 bytes)
Event: 0.546 Thread 0x0000019de68c3b20  691       3       java.lang.ref.Reference::refersToImpl (6 bytes)
Event: 0.546 Thread 0x0000019de68c3b20 nmethod 691 0x0000019dd0457b90 code [0x0000019dd0457d20, 0x0000019dd0457e68]
Event: 0.546 Thread 0x0000019de67bd400 nmethod 690 0x0000019dd0457f10 code [0x0000019dd04580c0, 0x0000019dd0458288]
Event: 0.549 Thread 0x0000019de67bd400  693       3       jdk.internal.ref.CleanerImpl::getCleanerImpl (13 bytes)
Event: 0.549 Thread 0x0000019de666a210  694       3       java.lang.ref.Cleaner$1::apply (9 bytes)
Event: 0.549 Thread 0x0000019de68c3b20  695       3       java.lang.ref.Cleaner$1::apply (5 bytes)
Event: 0.549 Thread 0x0000019de68c3b20 nmethod 695 0x0000019dd0458310 code [0x0000019dd04584a0, 0x0000019dd04585b8]
Event: 0.549 Thread 0x0000019de666a210 nmethod 694 0x0000019dd0458690 code [0x0000019dd0458840, 0x0000019dd0458ab8]
Event: 0.549 Thread 0x0000019de67bd400 nmethod 693 0x0000019dd0458b90 code [0x0000019dd0458d40, 0x0000019dd0458fe8]
Event: 0.550 Thread 0x0000019de67bd400  696       3       java.util.StringTokenizer::<init> (52 bytes)
Event: 0.550 Thread 0x0000019de666a210  697       3       java.util.StringTokenizer::setMaxDelimCodePoint (156 bytes)
Event: 0.550 Thread 0x0000019de67bd400 nmethod 696 0x0000019dd0459110 code [0x0000019dd04592c0, 0x0000019dd04595a8]
Event: 0.550 Thread 0x0000019de666a210 nmethod 697 0x0000019dd0459710 code [0x0000019dd0459980, 0x0000019dd045a678]

GC Heap History (0 events):
No events

Dll operation events (8 events):
Event: 0.010 Loaded shared library c:\Users\My PC\.vscode\extensions\redhat.java-1.29.0-win32-x64\jre\17.0.10-win32-x86_64\bin\java.dll
Event: 0.145 Loaded shared library c:\Users\My PC\.vscode\extensions\redhat.java-1.29.0-win32-x64\jre\17.0.10-win32-x86_64\bin\zip.dll
Event: 0.148 Loaded shared library C:\Users\My PC\.vscode\extensions\redhat.java-1.29.0-win32-x64\jre\17.0.10-win32-x86_64\bin\instrument.dll
Event: 0.168 Loaded shared library C:\Users\My PC\.vscode\extensions\redhat.java-1.29.0-win32-x64\jre\17.0.10-win32-x86_64\bin\net.dll
Event: 0.171 Loaded shared library C:\Users\My PC\.vscode\extensions\redhat.java-1.29.0-win32-x64\jre\17.0.10-win32-x86_64\bin\nio.dll
Event: 0.179 Loaded shared library C:\Users\My PC\.vscode\extensions\redhat.java-1.29.0-win32-x64\jre\17.0.10-win32-x86_64\bin\zip.dll
Event: 0.201 Loaded shared library C:\Users\My PC\.vscode\extensions\redhat.java-1.29.0-win32-x64\jre\17.0.10-win32-x86_64\bin\jimage.dll
Event: 0.273 Loaded shared library c:\Users\My PC\.vscode\extensions\redhat.java-1.29.0-win32-x64\jre\17.0.10-win32-x86_64\bin\verify.dll

Deoptimization events (20 events):
Event: 0.427 Thread 0x0000019dcd6b1110 DEOPT PACKING pc=0x0000019dd7f08e80 sp=0x0000006b0e9fc700
Event: 0.427 Thread 0x0000019dcd6b1110 DEOPT UNPACKING pc=0x0000019dd77e66a3 sp=0x0000006b0e9fc680 mode 2
Event: 0.437 Thread 0x0000019dcd6b1110 DEOPT PACKING pc=0x0000019dd0389856 sp=0x0000006b0e9fdc50
Event: 0.437 Thread 0x0000019dcd6b1110 DEOPT UNPACKING pc=0x0000019dd77e6e43 sp=0x0000006b0e9fd0f0 mode 0
Event: 0.456 Thread 0x0000019dcd6b1110 Uncommon trap: trap_request=0xffffff45 fr.pc=0x0000019dd7ef6e58 relative=0x00000000000002d8
Event: 0.456 Thread 0x0000019dcd6b1110 Uncommon trap: reason=unstable_if action=reinterpret pc=0x0000019dd7ef6e58 method=java.lang.StringUTF16.compress([CI[BII)I @ 20 c2
Event: 0.456 Thread 0x0000019dcd6b1110 DEOPT PACKING pc=0x0000019dd7ef6e58 sp=0x0000006b0e9fb870
Event: 0.456 Thread 0x0000019dcd6b1110 DEOPT UNPACKING pc=0x0000019dd77e66a3 sp=0x0000006b0e9fb7f0 mode 2
Event: 0.522 Thread 0x0000019dcd6b1110 Uncommon trap: trap_request=0xffffff45 fr.pc=0x0000019dd7f11e74 relative=0x0000000000000074
Event: 0.522 Thread 0x0000019dcd6b1110 Uncommon trap: reason=unstable_if action=reinterpret pc=0x0000019dd7f11e74 method=jdk.internal.misc.Unsafe.convEndian(ZI)I @ 4 c2
Event: 0.522 Thread 0x0000019dcd6b1110 DEOPT PACKING pc=0x0000019dd7f11e74 sp=0x0000006b0e9fd7b0
Event: 0.522 Thread 0x0000019dcd6b1110 DEOPT UNPACKING pc=0x0000019dd77e66a3 sp=0x0000006b0e9fd6e0 mode 2
Event: 0.525 Thread 0x0000019dcd6b1110 Uncommon trap: trap_request=0xffffff45 fr.pc=0x0000019dd7f04230 relative=0x0000000000000570
Event: 0.525 Thread 0x0000019dcd6b1110 Uncommon trap: reason=unstable_if action=reinterpret pc=0x0000019dd7f04230 method=java.lang.AbstractStringBuilder.append(Ljava/lang/String;)Ljava/lang/AbstractStringBuilder; @ 1 c2
Event: 0.525 Thread 0x0000019dcd6b1110 DEOPT PACKING pc=0x0000019dd7f04230 sp=0x0000006b0e9fdb30
Event: 0.525 Thread 0x0000019dcd6b1110 DEOPT UNPACKING pc=0x0000019dd77e66a3 sp=0x0000006b0e9fdab0 mode 2
Event: 0.531 Thread 0x0000019dcd6b1110 DEOPT PACKING pc=0x0000019dd037ad8c sp=0x0000006b0e9fe400
Event: 0.531 Thread 0x0000019dcd6b1110 DEOPT UNPACKING pc=0x0000019dd77e6e43 sp=0x0000006b0e9fd890 mode 0
Event: 0.534 Thread 0x0000019dcd6b1110 DEOPT PACKING pc=0x0000019dd037ad8c sp=0x0000006b0e9fe400
Event: 0.534 Thread 0x0000019dcd6b1110 DEOPT UNPACKING pc=0x0000019dd77e6e43 sp=0x0000006b0e9fd890 mode 0

Classes unloaded (0 events):
No events

Classes redefined (0 events):
No events

Internal exceptions (9 events):
Event: 0.118 Thread 0x0000019dcd6b1110 Exception <a 'java/lang/NoSuchMethodError'{0x00000000eacb60d8}: 'void java.lang.invoke.DirectMethodHandle$Holder.invokeStatic(java.lang.Object, java.lang.Object, java.lang.Object)'> (0x00000000eacb60d8) 
thrown [s\src\hotspot\share\interpreter\linkResolver.cpp, line 759]
Event: 0.292 Thread 0x0000019dcd6b1110 Exception <a 'java/lang/reflect/InvocationTargetException'{0x00000000eb0f6d30}> (0x00000000eb0f6d30) 
thrown [s\src\hotspot\share\runtime\reflection.cpp, line 1121]
Event: 0.496 Thread 0x0000019dcd6b1110 Exception <a 'java/lang/ClassNotFoundException'{0x00000000eb97e698}: sun/net/www/protocol/c/Handler> (0x00000000eb97e698) 
thrown [s\src\hotspot\share\classfile\systemDictionary.cpp, line 256]
Event: 0.520 Thread 0x0000019dcd6b1110 Exception <a 'java/io/FileNotFoundException'{0x00000000eb999fb8}> (0x00000000eb999fb8) 
thrown [s\src\hotspot\share\prims\jni.cpp, line 516]
Event: 0.520 Thread 0x0000019dcd6b1110 Exception <a 'java/io/FileNotFoundException'{0x00000000eb99acc8}> (0x00000000eb99acc8) 
thrown [s\src\hotspot\share\prims\jni.cpp, line 516]
Event: 0.521 Thread 0x0000019dcd6b1110 Exception <a 'java/io/FileNotFoundException'{0x00000000eb99b9b8}> (0x00000000eb99b9b8) 
thrown [s\src\hotspot\share\prims\jni.cpp, line 516]
Event: 0.521 Thread 0x0000019dcd6b1110 Exception <a 'java/io/FileNotFoundException'{0x00000000eb99c678}> (0x00000000eb99c678) 
thrown [s\src\hotspot\share\prims\jni.cpp, line 516]
Event: 0.525 Thread 0x0000019dcd6b1110 Implicit null exception at 0x0000019dd7f03cf2 to 0x0000019dd7f04218
Event: 0.527 Thread 0x0000019dcd6b1110 Exception <a 'java/io/FileNotFoundException'{0x00000000eb9d6f48}> (0x00000000eb9d6f48) 
thrown [s\src\hotspot\share\prims\jni.cpp, line 516]

VM Operations (6 events):
Event: 0.125 Executing VM operation: HandshakeAllThreads
Event: 0.125 Executing VM operation: HandshakeAllThreads done
Event: 0.223 Executing VM operation: HandshakeAllThreads
Event: 0.223 Executing VM operation: HandshakeAllThreads done
Event: 0.491 Executing VM operation: HandshakeAllThreads
Event: 0.491 Executing VM operation: HandshakeAllThreads done

Events (20 events):
Event: 0.544 loading class sun/nio/fs/WindowsFileSystemProvider$1
Event: 0.544 loading class sun/nio/fs/WindowsFileSystemProvider$1 done
Event: 0.544 loading class sun/nio/fs/WindowsLinkSupport
Event: 0.545 loading class sun/nio/fs/WindowsLinkSupport done
Event: 0.545 loading class sun/nio/fs/WindowsAclFileAttributeView
Event: 0.545 loading class sun/nio/fs/AbstractAclFileAttributeView
Event: 0.545 loading class java/nio/file/attribute/AclFileAttributeView
Event: 0.545 loading class java/nio/file/attribute/FileOwnerAttributeView
Event: 0.545 loading class java/nio/file/attribute/FileOwnerAttributeView done
Event: 0.545 loading class java/nio/file/attribute/AclFileAttributeView done
Event: 0.545 loading class sun/nio/fs/AbstractAclFileAttributeView done
Event: 0.545 loading class sun/nio/fs/WindowsAclFileAttributeView done
Event: 0.545 loading class sun/nio/fs/WindowsSecurity
Event: 0.546 loading class sun/nio/fs/WindowsSecurity done
Event: 0.546 loading class sun/nio/fs/WindowsFileStore
Event: 0.546 loading class java/nio/file/FileStore
Event: 0.547 loading class java/nio/file/FileStore done
Event: 0.547 loading class sun/nio/fs/WindowsFileStore done
Event: 0.550 loading class java/net/URLClassLoader$1
Event: 0.550 loading class java/net/URLClassLoader$1 done


Dynamic libraries:
0x00007ff77b330000 - 0x00007ff77b33e000 	c:\Users\My PC\.vscode\extensions\redhat.java-1.29.0-win32-x64\jre\17.0.10-win32-x86_64\bin\java.exe
0x00007ffc70170000 - 0x00007ffc70386000 	C:\WINDOWS\SYSTEM32\ntdll.dll
0x00007ffc6f2c0000 - 0x00007ffc6f384000 	C:\WINDOWS\System32\KERNEL32.DLL
0x00007ffc6d690000 - 0x00007ffc6da37000 	C:\WINDOWS\System32\KERNELBASE.dll
0x00007ffc6dc60000 - 0x00007ffc6dd71000 	C:\WINDOWS\System32\ucrtbase.dll
0x00007ffc415a0000 - 0x00007ffc415bb000 	c:\Users\My PC\.vscode\extensions\redhat.java-1.29.0-win32-x64\jre\17.0.10-win32-x86_64\bin\VCRUNTIME140.dll
0x00007ffc69af0000 - 0x00007ffc69b07000 	c:\Users\My PC\.vscode\extensions\redhat.java-1.29.0-win32-x64\jre\17.0.10-win32-x86_64\bin\jli.dll
0x00007ffc6e800000 - 0x00007ffc6e9ae000 	C:\WINDOWS\System32\USER32.dll
0x00007ffc6d5a0000 - 0x00007ffc6d5c6000 	C:\WINDOWS\System32\win32u.dll
0x00007ffc49b90000 - 0x00007ffc49e23000 	C:\WINDOWS\WinSxS\amd64_microsoft.windows.common-controls_6595b64144ccf1df_6.0.22621.3235_none_270f74e173860f98\COMCTL32.dll
0x00007ffc6e020000 - 0x00007ffc6e0c7000 	C:\WINDOWS\System32\msvcrt.dll
0x00007ffc6ebd0000 - 0x00007ffc6ebf9000 	C:\WINDOWS\System32\GDI32.dll
0x00007ffc6dd80000 - 0x00007ffc6de99000 	C:\WINDOWS\System32\gdi32full.dll
0x00007ffc6d500000 - 0x00007ffc6d59a000 	C:\WINDOWS\System32\msvcp_win.dll
0x00007ffc6ec00000 - 0x00007ffc6ec31000 	C:\WINDOWS\System32\IMM32.DLL
0x00007ffc4c160000 - 0x00007ffc4c16c000 	c:\Users\My PC\.vscode\extensions\redhat.java-1.29.0-win32-x64\jre\17.0.10-win32-x86_64\bin\vcruntime140_1.dll
0x00007ffc1a590000 - 0x00007ffc1a61d000 	c:\Users\My PC\.vscode\extensions\redhat.java-1.29.0-win32-x64\jre\17.0.10-win32-x86_64\bin\msvcp140.dll
0x00007ffbc64c0000 - 0x00007ffbc7122000 	c:\Users\My PC\.vscode\extensions\redhat.java-1.29.0-win32-x64\jre\17.0.10-win32-x86_64\bin\server\jvm.dll
0x00007ffc6eb00000 - 0x00007ffc6ebb2000 	C:\WINDOWS\System32\ADVAPI32.dll
0x00007ffc6f550000 - 0x00007ffc6f5f8000 	C:\WINDOWS\System32\sechost.dll
0x00007ffc6da40000 - 0x00007ffc6da68000 	C:\WINDOWS\System32\bcrypt.dll
0x00007ffc6f7b0000 - 0x00007ffc6f8c5000 	C:\WINDOWS\System32\RPCRT4.dll
0x00007ffc2d820000 - 0x00007ffc2d829000 	C:\WINDOWS\SYSTEM32\WSOCK32.dll
0x00007ffc5f9d0000 - 0x00007ffc5f9da000 	C:\WINDOWS\SYSTEM32\VERSION.dll
0x00007ffc6e360000 - 0x00007ffc6e3d1000 	C:\WINDOWS\System32\WS2_32.dll
0x00007ffc6d360000 - 0x00007ffc6d3ad000 	C:\WINDOWS\SYSTEM32\POWRPROF.dll
0x00007ffc629e0000 - 0x00007ffc62a14000 	C:\WINDOWS\SYSTEM32\WINMM.dll
0x00007ffc6d290000 - 0x00007ffc6d2a3000 	C:\WINDOWS\SYSTEM32\UMPDC.dll
0x00007ffc6c4d0000 - 0x00007ffc6c4e8000 	C:\WINDOWS\SYSTEM32\kernel.appcore.dll
0x00007ffc422b0000 - 0x00007ffc422ba000 	c:\Users\My PC\.vscode\extensions\redhat.java-1.29.0-win32-x64\jre\17.0.10-win32-x86_64\bin\jimage.dll
0x00007ffc6ade0000 - 0x00007ffc6b013000 	C:\WINDOWS\SYSTEM32\DBGHELP.DLL
0x00007ffc6e3e0000 - 0x00007ffc6e768000 	C:\WINDOWS\System32\combase.dll
0x00007ffc6ea20000 - 0x00007ffc6eaf7000 	C:\WINDOWS\System32\OLEAUT32.dll
0x00007ffc4eda0000 - 0x00007ffc4edd2000 	C:\WINDOWS\SYSTEM32\dbgcore.DLL
0x00007ffc6da70000 - 0x00007ffc6dae9000 	C:\WINDOWS\System32\bcryptPrimitives.dll
0x00007ffc48300000 - 0x00007ffc4830e000 	c:\Users\My PC\.vscode\extensions\redhat.java-1.29.0-win32-x64\jre\17.0.10-win32-x86_64\bin\instrument.dll
0x00007ffc2e0f0000 - 0x00007ffc2e115000 	c:\Users\My PC\.vscode\extensions\redhat.java-1.29.0-win32-x64\jre\17.0.10-win32-x86_64\bin\java.dll
0x00007ffc35d80000 - 0x00007ffc35d98000 	c:\Users\My PC\.vscode\extensions\redhat.java-1.29.0-win32-x64\jre\17.0.10-win32-x86_64\bin\zip.dll
0x00007ffc6f8d0000 - 0x00007ffc7012c000 	C:\WINDOWS\System32\SHELL32.dll
0x00007ffc6b3f0000 - 0x00007ffc6bce9000 	C:\WINDOWS\SYSTEM32\windows.storage.dll
0x00007ffc6b2b0000 - 0x00007ffc6b3ee000 	C:\WINDOWS\SYSTEM32\wintypes.dll
0x00007ffc6f0d0000 - 0x00007ffc6f1c3000 	C:\WINDOWS\System32\SHCORE.dll
0x00007ffc6e250000 - 0x00007ffc6e2ae000 	C:\WINDOWS\System32\shlwapi.dll
0x00007ffc6d3c0000 - 0x00007ffc6d3e1000 	C:\WINDOWS\SYSTEM32\profapi.dll
0x00007ffc2e060000 - 0x00007ffc2e079000 	C:\Users\My PC\.vscode\extensions\redhat.java-1.29.0-win32-x64\jre\17.0.10-win32-x86_64\bin\net.dll
0x00007ffc64a30000 - 0x00007ffc64b66000 	C:\WINDOWS\SYSTEM32\WINHTTP.dll
0x00007ffc6c940000 - 0x00007ffc6c9a9000 	C:\WINDOWS\system32\mswsock.dll
0x00007ffc2e040000 - 0x00007ffc2e056000 	C:\Users\My PC\.vscode\extensions\redhat.java-1.29.0-win32-x64\jre\17.0.10-win32-x86_64\bin\nio.dll
0x00007ffc41850000 - 0x00007ffc41860000 	c:\Users\My PC\.vscode\extensions\redhat.java-1.29.0-win32-x64\jre\17.0.10-win32-x86_64\bin\verify.dll

dbghelp: loaded successfully - version: 4.0.5 - missing functions: none
symbol engine: initialized successfully - sym options: 0x614 - pdb path: .;c:\Users\My PC\.vscode\extensions\redhat.java-1.29.0-win32-x64\jre\17.0.10-win32-x86_64\bin;C:\WINDOWS\SYSTEM32;C:\WINDOWS\WinSxS\amd64_microsoft.windows.common-controls_6595b64144ccf1df_6.0.22621.3235_none_270f74e173860f98;c:\Users\My PC\.vscode\extensions\redhat.java-1.29.0-win32-x64\jre\17.0.10-win32-x86_64\bin\server

VM Arguments:
jvm_args: --add-modules=ALL-SYSTEM --add-opens=java.base/java.util=ALL-UNNAMED --add-opens=java.base/java.lang=ALL-UNNAMED --add-opens=java.base/sun.nio.fs=ALL-UNNAMED -Declipse.application=org.eclipse.jdt.ls.core.id1 -Dosgi.bundles.defaultStartLevel=4 -Declipse.product=org.eclipse.jdt.ls.core.product -Djava.import.generatesMetadataFilesAtProjectRoot=false -DDetectVMInstallationsJob.disabled=true -Dfile.encoding=utf8 -XX:+UseParallelGC -XX:GCTimeRatio=4 -XX:AdaptiveSizePolicyWeight=90 -Dsun.zip.disableMemoryMapping=true -Xmx1G -Xms100m -Xlog:disable -javaagent:c:\Users\My PC\.vscode\extensions\redhat.java-1.29.0-win32-x64\lombok\lombok-1.18.32.jar -XX:+HeapDumpOnOutOfMemoryError -XX:HeapDumpPath=c:\Users\My PC\AppData\Roaming\Code\User\workspaceStorage\824fff93bbf201e7a37210f92995be75\redhat.java -Daether.dependencyCollector.impl=bf 
java_command: c:\Users\My PC\.vscode\extensions\redhat.java-1.29.0-win32-x64\server\plugins\org.eclipse.equinox.launcher_1.6.800.v20240304-1850.jar -configuration c:\Users\My PC\AppData\Roaming\Code\User\globalStorage\redhat.java\1.29.0\config_win -data c:\Users\My PC\AppData\Roaming\Code\User\workspaceStorage\824fff93bbf201e7a37210f92995be75\redhat.java\jdt_ws --stdio
java_class_path (initial): c:\Users\My PC\.vscode\extensions\redhat.java-1.29.0-win32-x64\server\plugins\org.eclipse.equinox.launcher_1.6.800.v20240304-1850.jar
Launcher Type: SUN_STANDARD

[Global flags]
    uintx AdaptiveSizePolicyWeight                 = 90                                        {product} {command line}
     intx CICompilerCount                          = 12                                        {product} {ergonomic}
    uintx GCTimeRatio                              = 4                                         {product} {command line}
     bool HeapDumpOnOutOfMemoryError               = true                                   {manageable} {command line}
    ccstr HeapDumpPath                             = c:\Users\My PC\AppData\Roaming\Code\User\workspaceStorage\824fff93bbf201e7a37210f92995be75\redhat.java         {manageable} {command line}
   size_t InitialHeapSize                          = 104857600                                 {product} {command line}
   size_t MaxHeapSize                              = 1073741824                                {product} {command line}
   size_t MaxNewSize                               = 357564416                                 {product} {ergonomic}
   size_t MinHeapDeltaBytes                        = 524288                                    {product} {ergonomic}
   size_t MinHeapSize                              = 104857600                                 {product} {command line}
   size_t NewSize                                  = 34603008                                  {product} {ergonomic}
    uintx NonNMethodCodeHeapSize                   = 7602480                                {pd product} {ergonomic}
    uintx NonProfiledCodeHeapSize                  = 122027880                              {pd product} {ergonomic}
   size_t OldSize                                  = 70254592                                  {product} {ergonomic}
    uintx ProfiledCodeHeapSize                     = 122027880                              {pd product} {ergonomic}
    uintx ReservedCodeCacheSize                    = 251658240                              {pd product} {ergonomic}
     bool SegmentedCodeCache                       = true                                      {product} {ergonomic}
   size_t SoftMaxHeapSize                          = 1073741824                             {manageable} {ergonomic}
     bool UseCompressedClassPointers               = true                           {product lp64_product} {ergonomic}
     bool UseCompressedOops                        = true                           {product lp64_product} {ergonomic}
     bool UseLargePagesIndividualAllocation        = false                                  {pd product} {ergonomic}
     bool UseParallelGC                            = true                                      {product} {command line}

Logging:
Log output configuration:
 #0: stdout all=off uptime,level,tags
 #1: stderr all=off uptime,level,tags

Environment Variables:
JAVA_HOME=C:\Program Files\Java\jdk-21
PATH=C:\Program Files (x86)\VMware\VMware Workstation\bin\;C:\Program Files\Common Files\Oracle\Java\javapath;C:\Program Files (x86)\Common Files\Oracle\Java\javapath;C:\windows\system32;C:\windows;C:\windows\System32\Wbem;C:\windows\System32\WindowsPowerShell\v1.0\;C:\windows\System32\OpenSSH\;C:\Program Files\Microsoft SQL Server\150\Tools\Binn\;C:\Program Files\Microsoft SQL Server\Client SDK\ODBC\170\Tools\Binn\;C:\Program Files\dotnet\;C:\Program Files\mingw-w64\x86_64-8.1.0-release-posix-seh-rt_v6-rev0\mingw64\bin;C:\WINDOWS\system32;C:\WINDOWS;C:\WINDOWS\System32\Wbem;C:\WINDOWS\System32\WindowsPowerShell\v1.0\;C:\WINDOWS\System32\OpenSSH\;C:\Program Files\Azure Data Studio\bin;C:\Program Files\Git\cmd;C:\Users\My PC\AppData\Local\Android\Sdk\platform-tools;C:\Program Files\nodejs\;C:\Program Files (x86)\Microsoft SQL Server\160\DTS\Binn\;C:\Program Files (x86)\Microsoft SQL Server\160\Tools\Binn\;C:\Program Files\Microsoft SQL Server\160\Tools\Binn\;C:\Program Files\Microsoft SQL Server\160\DTS\Binn\;C:\Users\My PC\AppData\Local\Programs\Python\Python311\Scripts\;C:\Users\My PC\AppData\Local\Programs\Python\Python311\;C:\Users\My PC\AppData\Local\Microsoft\WindowsApps;C:\Users\My PC\.dotnet\tools;C:\Users\My PC\AppData\Local\Programs\Microsoft VS Code\bin;C:\Program Files\Java\jdk-21\bin;;C:\Program Files\Azure Data Studio\bin;C:\Users\My PC\AppData\Roaming\npm
USERNAME=My PC
OS=Windows_NT
PROCESSOR_IDENTIFIER=Intel64 Family 6 Model 154 Stepping 3, GenuineIntel
TMP=C:\Users\MYPC~1\AppData\Local\Temp
TEMP=C:\Users\MYPC~1\AppData\Local\Temp



Periodic native trim disabled


---------------  S Y S T E M  ---------------

OS:
 Windows 11 , 64 bit Build 22621 (10.0.22621.3374)
OS uptime: 0 days 5:16 hours

CPU: total 16 (initial active 16) (8 cores per cpu, 2 threads per core) family 6 model 154 stepping 3 microcode 0x42c, cx8, cmov, fxsr, ht, mmx, 3dnowpref, sse, sse2, sse3, ssse3, sse4.1, sse4.2, popcnt, lzcnt, tsc, tscinvbit, avx, avx2, aes, erms, clmul, bmi1, bmi2, adx, sha, fma, vzeroupper, clflush, clflushopt, clwb
Processor Information for processor 0
  Max Mhz: 1700, Current Mhz: 1700, Mhz Limit: 1700
Processor Information for processor 1
  Max Mhz: 1700, Current Mhz: 1700, Mhz Limit: 1700
Processor Information for processor 2
  Max Mhz: 1700, Current Mhz: 1700, Mhz Limit: 1700
Processor Information for processor 3
  Max Mhz: 1700, Current Mhz: 1700, Mhz Limit: 1700
Processor Information for processor 4
  Max Mhz: 1700, Current Mhz: 1700, Mhz Limit: 1700
Processor Information for processor 5
  Max Mhz: 1700, Current Mhz: 1700, Mhz Limit: 1700
Processor Information for processor 6
  Max Mhz: 1700, Current Mhz: 1700, Mhz Limit: 1700
Processor Information for processor 7
  Max Mhz: 1700, Current Mhz: 1700, Mhz Limit: 1700
Processor Information for processor 8
  Max Mhz: 1700, Current Mhz: 1200, Mhz Limit: 1190
Processor Information for processor 9
  Max Mhz: 1700, Current Mhz: 1200, Mhz Limit: 1190
Processor Information for processor 10
  Max Mhz: 1700, Current Mhz: 1200, Mhz Limit: 1190
Processor Information for processor 11
  Max Mhz: 1700, Current Mhz: 1200, Mhz Limit: 1190
Processor Information for processor 12
  Max Mhz: 1700, Current Mhz: 1200, Mhz Limit: 1190
Processor Information for processor 13
  Max Mhz: 1700, Current Mhz: 1200, Mhz Limit: 1190
Processor Information for processor 14
  Max Mhz: 1700, Current Mhz: 1200, Mhz Limit: 1190
Processor Information for processor 15
  Max Mhz: 1700, Current Mhz: 1200, Mhz Limit: 1190

Memory: 4k page, system-wide physical 7860M (409M free)
TotalPageFile size 32436M (AvailPageFile size 16M)
current process WorkingSet (physical memory assigned to process): 59M, peak: 59M
current process commit charge ("private bytes"): 210M, peak: 211M

vm_info: OpenJDK 64-Bit Server VM (17.0.10+7) for windows-amd64 JRE (17.0.10+7), built on Jan 16 2024 23:25:11 by "admin" with MS VC++ 16.10 / 16.11 (VS2019)

END.
